<?xml version="1.0" encoding="UTF-8"?>
<testsuite name="kr.ac.jejunu.userdao.UserDaoTests" tests="4" skipped="0" failures="0" errors="0" timestamp="2020-06-21T22:25:21" hostname="DESKTOP-7S5T5M0" time="0.662">
  <properties/>
  <testcase name="testGet()" classname="kr.ac.jejunu.userdao.UserDaoTests" time="0.467"/>
  <testcase name="updateuser()" classname="kr.ac.jejunu.userdao.UserDaoTests" time="0.089"/>
  <testcase name="insertuser()" classname="kr.ac.jejunu.userdao.UserDaoTests" time="0.045"/>
  <testcase name="deleteuser()" classname="kr.ac.jejunu.userdao.UserDaoTests" time="0.06"/>
  <system-out><![CDATA[]]></system-out>
  <system-err><![CDATA[]]></system-err>
</testsuite>
