<?xml version="1.0" encoding="UTF-8"?>
<testsuite name="kr.ac.jejunu.userdao.UserDaoTests" tests="4" skipped="0" failures="0" errors="0" timestamp="2020-05-14T08:52:02" hostname="DESKTOP-7S5T5M0" time="0.465">
  <properties/>
  <testcase name="testGet()" classname="kr.ac.jejunu.userdao.UserDaoTests" time="0.32"/>
  <testcase name="updateuser()" classname="kr.ac.jejunu.userdao.UserDaoTests" time="0.059"/>
  <testcase name="insertuser()" classname="kr.ac.jejunu.userdao.UserDaoTests" time="0.039"/>
  <testcase name="deleteuser()" classname="kr.ac.jejunu.userdao.UserDaoTests" time="0.046"/>
  <system-out><![CDATA[]]></system-out>
  <system-err><![CDATA[]]></system-err>
</testsuite>
