<?xml version="1.0" encoding="UTF-8"?>
<testsuite name="kr.ac.jejunu.userdao.UserDaoTests" tests="4" skipped="0" failures="0" errors="0" timestamp="2020-05-14T06:45:32" hostname="DESKTOP-7S5T5M0" time="0.588">
  <properties/>
  <testcase name="testGet()" classname="kr.ac.jejunu.userdao.UserDaoTests" time="0.434"/>
  <testcase name="updateuser()" classname="kr.ac.jejunu.userdao.UserDaoTests" time="0.059"/>
  <testcase name="insertuser()" classname="kr.ac.jejunu.userdao.UserDaoTests" time="0.043"/>
  <testcase name="deleteuser()" classname="kr.ac.jejunu.userdao.UserDaoTests" time="0.05"/>
  <system-out><![CDATA[]]></system-out>
  <system-err><![CDATA[]]></system-err>
</testsuite>
