<?xml version="1.0" encoding="UTF-8"?>
<testsuite name="kr.ac.jejunu.user.UserDaoTests" tests="4" skipped="0" failures="0" errors="0" timestamp="2020-05-01T01:23:35" hostname="DESKTOP-7S5T5M0" time="0.558">
  <properties/>
  <testcase name="delete()" classname="kr.ac.jejunu.user.UserDaoTests" time="0.443"/>
  <testcase name="insert()" classname="kr.ac.jejunu.user.UserDaoTests" time="0.046"/>
  <testcase name="update()" classname="kr.ac.jejunu.user.UserDaoTests" time="0.055"/>
  <testcase name="get()" classname="kr.ac.jejunu.user.UserDaoTests" time="0.013"/>
  <system-out><![CDATA[]]></system-out>
  <system-err><![CDATA[]]></system-err>
</testsuite>
